  Examen.cpp
C:\Users\soporte\source\repos\Examen\Examen\Examen.cpp(7,10): warning C4067: símbolos (token) inesperados después de la directiva del preprocesador; se esperaba una nueva línea
C:\Users\soporte\source\repos\Examen\Examen\Examen.cpp(8,10): warning C4067: símbolos (token) inesperados después de la directiva del preprocesador; se esperaba una nueva línea
C:\Users\soporte\source\repos\Examen\Examen\Examen.cpp(9,10): warning C4067: símbolos (token) inesperados después de la directiva del preprocesador; se esperaba una nueva línea
C:\Users\soporte\source\repos\Examen\Examen\Examen.cpp(10,10): warning C4067: símbolos (token) inesperados después de la directiva del preprocesador; se esperaba una nueva línea
C:\Users\soporte\source\repos\Examen\Examen\Examen.cpp(11,10): warning C4067: símbolos (token) inesperados después de la directiva del preprocesador; se esperaba una nueva línea
C:\Users\soporte\source\repos\Examen\Examen\Examen.cpp(12,10): warning C4067: símbolos (token) inesperados después de la directiva del preprocesador; se esperaba una nueva línea
C:\Users\soporte\source\repos\Examen\Examen\Examen.cpp(13,10): warning C4067: símbolos (token) inesperados después de la directiva del preprocesador; se esperaba una nueva línea
C:\Users\soporte\source\repos\Examen\Examen\Examen.cpp(14,10): warning C4067: símbolos (token) inesperados después de la directiva del preprocesador; se esperaba una nueva línea
C:\Users\soporte\source\repos\Examen\Examen\Examen.cpp(15,10): warning C4067: símbolos (token) inesperados después de la directiva del preprocesador; se esperaba una nueva línea
C:\Users\soporte\source\repos\Examen\Examen\Examen.cpp(16,10): warning C4067: símbolos (token) inesperados después de la directiva del preprocesador; se esperaba una nueva línea
C:\Users\soporte\source\repos\Examen\Examen\Examen.cpp(17,10): warning C4067: símbolos (token) inesperados después de la directiva del preprocesador; se esperaba una nueva línea
C:\Users\soporte\source\repos\Examen\Examen\Examen.cpp(24,16): warning C4101: 'no_orden_compra': variable local sin referencia
C:\Users\soporte\source\repos\Examen\Examen\Examen.cpp(24,33): warning C4101: 'idproveedor': variable local sin referencia
C:\Users\soporte\source\repos\Examen\Examen\Examen.cpp(28,29): warning C4101: 'fecha_ingreso_temp': variable local sin referencia
C:\Users\soporte\source\repos\Examen\Examen\Examen.cpp(28,7): warning C4101: 'fecha_orden_temp': variable local sin referencia
C:\Users\soporte\source\repos\Examen\Examen\Examen.cpp(545,7): warning C4101: 'idVentaDetalle': variable local sin referencia
C:\Users\soporte\source\repos\Examen\Examen\Examen.cpp(621,6): warning C4101: 'idpuesto': variable local sin referencia
C:\Users\soporte\source\repos\Examen\Examen\Examen.cpp(634,7): warning C4101: 'idMarca': variable local sin referencia
C:\Users\soporte\source\repos\Examen\Examen\Examen.cpp(906,7): warning C4101: 'idProveedores': variable local sin referencia
  Generando código
  2 of 274 functions ( 0.7%) were compiled, the rest were copied from previous compilation.
    0 functions were new in current compilation
    17 functions had inline decision re-evaluated but remain unchanged
  Generación de código finalizada
  Examen.vcxproj -> C:\Users\soporte\source\repos\Examen\x64\Release\Examen.exe
